c:\users\unki\desktop\dcp-projects\dcp premium\dcp-cheat-src (premium)\unki-dcp\release\vc145.pdb
c:\users\unki\desktop\dcp-projects\dcp premium\dcp-cheat-src (premium)\unki-dcp\release\cdialog.obj
c:\users\unki\desktop\dcp-projects\dcp premium\dcp-cheat-src (premium)\unki-dcp\release\cdeathwindow.obj
c:\users\unki\desktop\dcp-projects\dcp premium\dcp-cheat-src (premium)\unki-dcp\release\cconfig.obj
c:\users\unki\desktop\dcp-projects\dcp premium\dcp-cheat-src (premium)\unki-dcp\release\cchatbubble.obj
c:\users\unki\desktop\dcp-projects\dcp premium\dcp-cheat-src (premium)\unki-dcp\release\cchat.obj
c:\users\unki\desktop\dcp-projects\dcp premium\dcp-cheat-src (premium)\unki-dcp\release\ccamera.obj
c:\users\unki\desktop\dcp-projects\dcp premium\dcp-cheat-src (premium)\unki-dcp\release\caudiostream.obj
c:\users\unki\desktop\dcp-projects\dcp premium\dcp-cheat-src (premium)\unki-dcp\release\caudio.obj
c:\users\unki\desktop\dcp-projects\dcp premium\dcp-cheat-src (premium)\unki-dcp\release\cactorpool.obj
c:\users\unki\desktop\dcp-projects\dcp premium\dcp-cheat-src (premium)\unki-dcp\release\cactor.obj
c:\users\unki\desktop\dcp-projects\dcp premium\dcp-cheat-src (premium)\unki-dcp\release\aimstuff.obj
c:\users\unki\desktop\dcp-projects\dcp premium\dcp-cheat-src (premium)\unki-dcp\release\imgui_widgets.obj
c:\users\unki\desktop\dcp-projects\dcp premium\dcp-cheat-src (premium)\unki-dcp\release\imgui_tables.obj
c:\users\unki\desktop\dcp-projects\dcp premium\dcp-cheat-src (premium)\unki-dcp\release\imgui_impl_win32.obj
c:\users\unki\desktop\dcp-projects\dcp premium\dcp-cheat-src (premium)\unki-dcp\release\imgui_impl_dx9.obj
c:\users\unki\desktop\dcp-projects\dcp premium\dcp-cheat-src (premium)\unki-dcp\release\imgui_draw.obj
c:\users\unki\desktop\dcp-projects\dcp premium\dcp-cheat-src (premium)\unki-dcp\release\imgui_demo.obj
c:\users\unki\desktop\dcp-projects\dcp premium\dcp-cheat-src (premium)\unki-dcp\release\imgui.obj
c:\users\unki\desktop\dcp-projects\dcp premium\dcp-cheat-src (premium)\unki-dcp\release\bitstream.obj
c:\users\unki\desktop\dcp-projects\dcp premium\dcp-cheat-src (premium)\unki-dcp\release\dllmain.obj
c:\users\unki\desktop\dcp-projects\dcp premium\dcp-cheat-src (premium)\unki-dcp\release\cobjectselection.obj
c:\users\unki\desktop\dcp-projects\dcp premium\dcp-cheat-src (premium)\unki-dcp\release\cobjectpool.obj
c:\users\unki\desktop\dcp-projects\dcp premium\dcp-cheat-src (premium)\unki-dcp\release\cobjectmaterialtext.obj
c:\users\unki\desktop\dcp-projects\dcp premium\dcp-cheat-src (premium)\unki-dcp\release\cobject.obj
c:\users\unki\desktop\dcp-projects\dcp premium\dcp-cheat-src (premium)\unki-dcp\release\cnetstats.obj
c:\users\unki\desktop\dcp-projects\dcp premium\dcp-cheat-src (premium)\unki-dcp\release\cnetgame.obj
c:\users\unki\desktop\dcp-projects\dcp premium\dcp-cheat-src (premium)\unki-dcp\release\cmenupool.obj
c:\users\unki\desktop\dcp-projects\dcp premium\dcp-cheat-src (premium)\unki-dcp\release\cmenu.obj
c:\users\unki\desktop\dcp-projects\dcp premium\dcp-cheat-src (premium)\unki-dcp\release\clocalplayer.obj
c:\users\unki\desktop\dcp-projects\dcp premium\dcp-cheat-src (premium)\unki-dcp\release\clicenseplate.obj
c:\users\unki\desktop\dcp-projects\dcp premium\dcp-cheat-src (premium)\unki-dcp\release\clabelpool.obj
c:\users\unki\desktop\dcp-projects\dcp premium\dcp-cheat-src (premium)\unki-dcp\release\clabel.obj
c:\users\unki\desktop\dcp-projects\dcp premium\dcp-cheat-src (premium)\unki-dcp\release\cinput.obj
c:\users\unki\desktop\dcp-projects\dcp premium\dcp-cheat-src (premium)\unki-dcp\release\chttpclient.obj
c:\users\unki\desktop\dcp-projects\dcp premium\dcp-cheat-src (premium)\unki-dcp\release\chelpdialog.obj
c:\users\unki\desktop\dcp-projects\dcp premium\dcp-cheat-src (premium)\unki-dcp\release\cgangzonepool.obj
c:\users\unki\desktop\dcp-projects\dcp premium\dcp-cheat-src (premium)\unki-dcp\release\cgame.obj
c:\users\unki\desktop\dcp-projects\dcp premium\dcp-cheat-src (premium)\unki-dcp\release\cfonts.obj
c:\users\unki\desktop\dcp-projects\dcp premium\dcp-cheat-src (premium)\unki-dcp\release\cfont.obj
c:\users\unki\desktop\dcp-projects\dcp premium\dcp-cheat-src (premium)\unki-dcp\release\centity.obj
c:\users\unki\desktop\dcp-projects\dcp premium\dcp-cheat-src (premium)\unki-dcp\release\scripting.obj
c:\users\unki\desktop\dcp-projects\dcp premium\dcp-cheat-src (premium)\unki-dcp\release\keystuff.obj
c:\users\unki\desktop\dcp-projects\dcp premium\dcp-cheat-src (premium)\unki-dcp\release\gui.obj
c:\users\unki\desktop\dcp-projects\dcp premium\dcp-cheat-src (premium)\unki-dcp\release\exception.obj
c:\users\unki\desktop\dcp-projects\dcp premium\dcp-cheat-src (premium)\unki-dcp\release\debugscript.obj
c:\users\unki\desktop\dcp-projects\dcp premium\dcp-cheat-src (premium)\unki-dcp\release\cvehiclepool.obj
c:\users\unki\desktop\dcp-projects\dcp premium\dcp-cheat-src (premium)\unki-dcp\release\cvehicle.obj
c:\users\unki\desktop\dcp-projects\dcp premium\dcp-cheat-src (premium)\unki-dcp\release\ctextdrawselection.obj
c:\users\unki\desktop\dcp-projects\dcp premium\dcp-cheat-src (premium)\unki-dcp\release\ctextdrawpool.obj
c:\users\unki\desktop\dcp-projects\dcp premium\dcp-cheat-src (premium)\unki-dcp\release\ctextdraw.obj
c:\users\unki\desktop\dcp-projects\dcp premium\dcp-cheat-src (premium)\unki-dcp\release\csrvnetstats.obj
c:\users\unki\desktop\dcp-projects\dcp premium\dcp-cheat-src (premium)\unki-dcp\release\cspawnscreen.obj
c:\users\unki\desktop\dcp-projects\dcp premium\dcp-cheat-src (premium)\unki-dcp\release\cscoreboard.obj
c:\users\unki\desktop\dcp-projects\dcp premium\dcp-cheat-src (premium)\unki-dcp\release\cremoteplayer.obj
c:\users\unki\desktop\dcp-projects\dcp premium\dcp-cheat-src (premium)\unki-dcp\release\cplayertags.obj
c:\users\unki\desktop\dcp-projects\dcp premium\dcp-cheat-src (premium)\unki-dcp\release\cplayerpool.obj
c:\users\unki\desktop\dcp-projects\dcp premium\dcp-cheat-src (premium)\unki-dcp\release\cplayerinfo.obj
c:\users\unki\desktop\dcp-projects\dcp premium\dcp-cheat-src (premium)\unki-dcp\release\cpickuppool.obj
c:\users\unki\desktop\dcp-projects\dcp premium\dcp-cheat-src (premium)\unki-dcp\release\cped.obj
c:\users\unki\desktop\dcp-projects\dcp premium\dcp-cheat-src (premium)\unki-dcp\release\commands.obj
c:\users\unki\desktop\dcp-projects\dcp premium\dcp-cheat-src (premium)\unki-dcp\release\sampapi.obj
c:\users\unki\desktop\dcp-projects\dcp premium\dcp-cheat-src (premium)\unki-dcp\release\cvector.obj
c:\users\unki\desktop\dcp-projects\dcp premium\dcp-cheat-src (premium)\unki-dcp\release\crect.obj
c:\users\unki\desktop\dcp-projects\dcp premium\dcp-cheat-src (premium)\unki-dcp\release\settings.obj
c:\users\unki\desktop\dcp-projects\dcp premium\dcp-cheat-src (premium)\unki-dcp\release\trampoline.obj
c:\users\unki\desktop\dcp-projects\dcp premium\dcp-cheat-src (premium)\unki-dcp\release\hook.obj
c:\users\unki\desktop\dcp-projects\dcp premium\dcp-cheat-src (premium)\unki-dcp\release\hde64.obj
c:\users\unki\desktop\dcp-projects\dcp premium\dcp-cheat-src (premium)\unki-dcp\release\hde32.obj
c:\users\unki\desktop\dcp-projects\dcp premium\dcp-cheat-src (premium)\unki-dcp\release\buffer.obj
c:\users\unki\desktop\dcp-projects\dcp premium\dcp-cheat-src (premium)\release\unki-dcp.dll
c:\users\unki\desktop\dcp-projects\dcp premium\dcp-cheat-src (premium)\release\unki-dcp.pdb
c:\users\unki\desktop\dcp-projects\dcp premium\dcp-cheat-src (premium)\unki-dcp\release\unki-dcp.ipdb
c:\users\unki\desktop\dcp-projects\dcp premium\dcp-cheat-src (premium)\unki-dcp\release\unki-dcp.iobj
c:\users\unki\desktop\dcp-projects\dcp premium\dcp-cheat-src (premium)\unki-dcp\release\unki-dcp.tlog\cl.command.1.tlog
c:\users\unki\desktop\dcp-projects\dcp premium\dcp-cheat-src (premium)\unki-dcp\release\unki-dcp.tlog\cl.items.tlog
c:\users\unki\desktop\dcp-projects\dcp premium\dcp-cheat-src (premium)\unki-dcp\release\unki-dcp.tlog\cl.read.1.tlog
c:\users\unki\desktop\dcp-projects\dcp premium\dcp-cheat-src (premium)\unki-dcp\release\unki-dcp.tlog\cl.write.1.tlog
c:\users\unki\desktop\dcp-projects\dcp premium\dcp-cheat-src (premium)\unki-dcp\release\unki-dcp.tlog\link.command.1.tlog
c:\users\unki\desktop\dcp-projects\dcp premium\dcp-cheat-src (premium)\unki-dcp\release\unki-dcp.tlog\link.read.1.tlog
c:\users\unki\desktop\dcp-projects\dcp premium\dcp-cheat-src (premium)\unki-dcp\release\unki-dcp.tlog\link.secondary.1.tlog
c:\users\unki\desktop\dcp-projects\dcp premium\dcp-cheat-src (premium)\unki-dcp\release\unki-dcp.tlog\link.write.1.tlog
